

Started GET "/assets/rails.png" for 127.0.0.1 at 2011-09-07 21:30:54 -0700
Served asset /rails.png - 200 OK (4ms)


Started GET "/" for 127.0.0.1 at 2011-09-07 21:39:07 -0700
  Processing by MediaFeedsController#index as HTML
Completed 500 Internal Server Error in 96ms

ActionView::MissingTemplate (Missing template media_feeds/index, application/index with {:handlers=>[:erb, :builder, :coffee], :formats=>[:html], :locale=>[:en, :en]}. Searched in:
  * "/Users/ken/Development/instagram_media_feed/app/views"
):
  

Rendered /Users/ken/.rvm/gems/ruby-1.9.2-p290/gems/actionpack-3.1.0/lib/action_dispatch/middleware/templates/rescues/missing_template.erb within rescues/layout (14.8ms)


Started GET "/" for 127.0.0.1 at 2011-09-07 21:40:03 -0700
  Processing by MediaFeedsController#index as HTML
Rendered media_feeds/index.html.erb within layouts/application (0.4ms)
Compiled application.css  (11ms)  (pid 2140)
Compiled media_feeds.css  (16ms)  (pid 2140)
Compiled application.js  (34ms)  (pid 2140)
Compiled jquery.js  (13ms)  (pid 2140)
Compiled jquery_ujs.js  (1ms)  (pid 2140)
Compiled media_feeds.js  (233ms)  (pid 2140)
Completed 200 OK in 359ms (Views: 359.0ms | ActiveRecord: 0.0ms)


Started GET "/assets/media_feeds.css?body=1" for 127.0.0.1 at 2011-09-07 21:40:03 -0700
Served asset /media_feeds.css - 200 OK (5ms)


Started GET "/assets/media_feeds.js?body=1" for 127.0.0.1 at 2011-09-07 21:40:03 -0700
Served asset /media_feeds.js - 200 OK (5ms)


Started GET "/assets/application.css?body=1" for 127.0.0.1 at 2011-09-07 21:40:03 -0700
Served asset /application.css - 304 Not Modified (3ms)


Started GET "/assets/application.js?body=1" for 127.0.0.1 at 2011-09-07 21:40:03 -0700
Served asset /application.js - 200 OK (13ms)


Started GET "/assets/jquery_ujs.js?body=1" for 127.0.0.1 at 2011-09-07 21:40:03 -0700
Served asset /jquery_ujs.js - 304 Not Modified (36ms)


Started GET "/assets/jquery.js?body=1" for 127.0.0.1 at 2011-09-07 21:40:03 -0700
Served asset /jquery.js - 304 Not Modified (3ms)
